generator mzbmweyyd -n=1000 > $
generator adtlcoueg -n=1000 > $
generator dbyfwurpw -n=1000 > $
generator puvhifnua -n=1000 > $
generator wyndmhtqv -n=1000 > $
generator gkbhtytsz -n=1000 > $
generator twflegsjz -n=1000 > $
generator szfwtzfpn -n=1000 > $
generator cguemwrcz -n=1000 > $
generator xycivdqnk -n=1000 > $
generator pnxnnpmud -n=1000 > $
generator hznoaquud -n=1000 > $
generator avrncwfwu -n=1000 > $
generator pcmiggjmc -n=1000 > $
generator kkbnjfeod -n=1000 > $
generator kgjgwxtrx -n=1000 > $
generator ngiqquhuw -n=1000 > $
generator hdswxxrxu -n=1000 > $
generator zfhkplwun -n=1000 > $
generator agppcoild -n=1000 > $
generator gktgdarve -n=1000 > $
generator sjuqfistu -n=1000 > $
generator gbglwmfgz -n=1000 > $
generator nyxryetwz -n=1000 > $
generator lnfewczmn -n=1000 > $
generator ozlqatugm -n=100000 > $
generator jwgzcfabb -n=100000 > $
generator oxyjxkatj -n=100000 > $
generator pprswkdko -n=100000 > $
generator dagwdwxsu -n=100000 > $
generator eesrvncbs -n=100000 > $
generator cepigpbzu -n=100000 > $
generator oootorzfs -n=100000 > $
generator cwbqorvwd -n=100000 > $
generator mklfdczat -n=100000 > $
generator arqdkelal -n=100000 > $
generator zxillkfdv -n=100000 > $
generator fpxabqlng -n=100000 > $
generator screntzam -n=100000 > $
generator tvvcvrtcm -n=100000 > $
generator qlizijdwt -n=100000 > $
generator yfrxolsys -n=100000 > $
generator lfebpolcm -n=100000 > $
generator sppmrfkyu -n=100000 > $
generator ydtmwbexs -n=100000 > $
generator gxhwvroan -n=100000 > $
generator fqjamzkpt -n=100000 > $
generator slildlrkj -n=100000 > $
generator yrpxugice -n=100000 > $
generator hgiakevsj -n=100000 > $
