generator bmweyydia -n=22 > $
generator tlcouegmd -n=22 > $
generator yfwurpwbp -n=22 > $
generator vhifnuapw -n=22 > $
generator ndmhtqvkg -n=22 > $
generator bhtytszot -n=22 > $
generator flegsjzzs -n=22 > $
generator fwtzfpnsc -n=22 > $
generator uemwrczqx -n=22 > $
generator civdqnkyp -n=22 > $
generator xnnpmuduh -n=22 > $
generator noaquudha -n=22 > $
generator rncwfwujp -n=22 > $
generator miggjmcmk -n=22 > $
generator bnjfeodxk -n=22 > $
generator jgwxtrxin -n=22 > $
generator iqquhuwqh -n=22 > $
generator swxxrxuzz -n=22 > $
generator hkplwunfa -n=22 > $
generator ppcoildag -n=22 > $
generator tgdarveus -n=22 > $
generator uqfistulg -n=22 > $
generator glwmfgzrn -n=22 > $
generator xryetwzhl -n=22 > $
generator fewczmnoo -n=22 > $
generator atugmdjwg -n=8867 > $
generator cfabbkoxy -n=8867 > $
generator xkatjmppr -n=8867 > $
generator wkdkobdag -n=8867 > $
generator dwxsufees -n=8867 > $
generator vncbszcep -n=8867 > $
generator gpbzuzooo -n=8867 > $
generator orzfskcwb -n=8867 > $
generator orvwdrmkl -n=8867 > $
generator dczatfarq -n=8867 > $
generator kelalxzxi -n=8867 > $
generator lkfdvpfpx -n=8867 > $
generator bqlngdscr -n=8867 > $
generator ntzamztvv -n=8867 > $
generator vrtcmbqli -n=8867 > $
generator ijdwtuyfr -n=8867 > $
generator olsysxlfe -n=8867 > $
generator polcmqspp -n=8867 > $
generator rfkyunydt -n=8867 > $
generator wbexsngxh -n=8867 > $
generator vroandfqj -n=8867 > $
generator mzkpttsli -n=8867 > $
generator dlrkjoyrp -n=8867 > $
generator ugiceahgi -n=8867 > $
generator kevsjoadm -n=8867 > $

