generator mzbmwe -n=70> $
generator ydiadt -n=70> $
generator couegm -n=70> $
generator byfwur -n=70> $
generator wbpuvh -n=70> $
generator fnuapw -n=70> $
generator ndmhtq -n=70> $
generator kgkbht -n=70> $
generator tszotw -n=70> $
generator legsjz -n=70> $
generator szfwtz -n=70> $
generator pnscgu -n=70> $
generator mwrczq -n=70> $
generator ycivdq -n=70> $
generator kypnxn -n=70> $
generator pmuduh -n=70> $
generator noaquu -n=70> $
generator havrnc -n=70> $
generator fwujpc -n=70> $
generator iggjmc -n=70> $
